mode: set
github.com/jbadeau/gcb/buildfile/convert.go:24.107,28.47 2 1
github.com/jbadeau/gcb/buildfile/convert.go:28.47,30.18 2 1
github.com/jbadeau/gcb/buildfile/convert.go:30.18,31.58 1 1
github.com/jbadeau/gcb/buildfile/convert.go:31.58,33.5 1 1
github.com/jbadeau/gcb/buildfile/convert.go:33.10,33.46 1 1
github.com/jbadeau/gcb/buildfile/convert.go:33.46,35.5 1 1
github.com/jbadeau/gcb/buildfile/convert.go:36.4,36.36 1 1
github.com/jbadeau/gcb/buildfile/convert.go:36.36,38.5 1 1
github.com/jbadeau/gcb/buildfile/convert.go:40.3,40.53 1 1
github.com/jbadeau/gcb/buildfile/convert.go:41.8,43.3 1 1
github.com/jbadeau/gcb/buildfile/convert.go:46.2,46.22 1 1
github.com/jbadeau/gcb/buildfile/convert.go:46.22,47.41 1 1
github.com/jbadeau/gcb/buildfile/convert.go:47.41,49.4 1 1
github.com/jbadeau/gcb/buildfile/convert.go:53.2,53.29 1 1
github.com/jbadeau/gcb/buildfile/convert.go:53.29,55.17 2 1
github.com/jbadeau/gcb/buildfile/convert.go:55.17,57.4 1 0
github.com/jbadeau/gcb/buildfile/convert.go:58.3,58.34 1 1
github.com/jbadeau/gcb/buildfile/convert.go:62.2,62.23 1 1
github.com/jbadeau/gcb/buildfile/convert.go:62.23,64.3 1 1
github.com/jbadeau/gcb/buildfile/convert.go:67.2,67.31 1 1
github.com/jbadeau/gcb/buildfile/convert.go:67.31,69.3 1 1
github.com/jbadeau/gcb/buildfile/convert.go:72.2,72.26 1 1
github.com/jbadeau/gcb/buildfile/convert.go:72.26,74.3 1 1
github.com/jbadeau/gcb/buildfile/convert.go:77.2,77.33 1 1
github.com/jbadeau/gcb/buildfile/convert.go:77.33,79.3 1 1
github.com/jbadeau/gcb/buildfile/convert.go:82.2,82.44 1 1
github.com/jbadeau/gcb/buildfile/convert.go:82.44,84.17 2 1
github.com/jbadeau/gcb/buildfile/convert.go:84.17,86.4 1 0
github.com/jbadeau/gcb/buildfile/convert.go:87.3,87.28 1 1
github.com/jbadeau/gcb/buildfile/convert.go:91.2,91.21 1 1
github.com/jbadeau/gcb/buildfile/convert.go:91.21,93.3 1 1
github.com/jbadeau/gcb/buildfile/convert.go:96.2,96.33 1 1
github.com/jbadeau/gcb/buildfile/convert.go:96.33,98.3 1 1
github.com/jbadeau/gcb/buildfile/convert.go:101.2,101.28 1 1
github.com/jbadeau/gcb/buildfile/convert.go:101.28,103.3 1 1
github.com/jbadeau/gcb/buildfile/convert.go:106.2,106.21 1 1
github.com/jbadeau/gcb/buildfile/convert.go:106.21,108.3 1 1
github.com/jbadeau/gcb/buildfile/convert.go:111.2,111.24 1 1
github.com/jbadeau/gcb/buildfile/convert.go:111.24,113.36 2 1
github.com/jbadeau/gcb/buildfile/convert.go:113.36,115.4 1 1
github.com/jbadeau/gcb/buildfile/convert.go:117.3,117.45 1 1
github.com/jbadeau/gcb/buildfile/convert.go:117.45,119.31 2 1
github.com/jbadeau/gcb/buildfile/convert.go:119.31,121.5 1 1
github.com/jbadeau/gcb/buildfile/convert.go:123.4,124.18 2 1
github.com/jbadeau/gcb/buildfile/convert.go:124.18,126.5 1 0
github.com/jbadeau/gcb/buildfile/convert.go:127.4,127.38 1 1
github.com/jbadeau/gcb/buildfile/convert.go:131.2,131.21 1 1
github.com/jbadeau/gcb/buildfile/convert.go:134.119,137.38 2 1
github.com/jbadeau/gcb/buildfile/convert.go:137.38,139.32 2 1
github.com/jbadeau/gcb/buildfile/convert.go:139.32,141.4 1 0
github.com/jbadeau/gcb/buildfile/convert.go:143.3,146.17 3 1
github.com/jbadeau/gcb/buildfile/convert.go:146.17,148.4 1 0
github.com/jbadeau/gcb/buildfile/convert.go:150.3,150.18 1 1
github.com/jbadeau/gcb/buildfile/convert.go:150.18,160.4 2 0
github.com/jbadeau/gcb/buildfile/convert.go:160.9,163.18 2 1
github.com/jbadeau/gcb/buildfile/convert.go:163.18,165.5 1 0
github.com/jbadeau/gcb/buildfile/convert.go:168.4,169.28 2 1
github.com/jbadeau/gcb/buildfile/convert.go:169.28,174.34 4 1
github.com/jbadeau/gcb/buildfile/convert.go:174.34,177.6 2 0
github.com/jbadeau/gcb/buildfile/convert.go:181.4,181.24 1 1
github.com/jbadeau/gcb/buildfile/convert.go:181.24,191.5 3 0
github.com/jbadeau/gcb/buildfile/convert.go:194.4,194.28 1 1
github.com/jbadeau/gcb/buildfile/convert.go:194.28,204.5 3 1
github.com/jbadeau/gcb/buildfile/convert.go:208.2,211.8 1 1
github.com/jbadeau/gcb/buildfile/convert.go:222.45,230.2 1 1
github.com/jbadeau/gcb/buildfile/convert.go:232.96,233.36 1 1
github.com/jbadeau/gcb/buildfile/convert.go:233.36,234.82 1 1
github.com/jbadeau/gcb/buildfile/convert.go:234.82,236.4 1 1
github.com/jbadeau/gcb/buildfile/convert.go:238.2,238.41 1 1
github.com/jbadeau/gcb/buildfile/convert.go:238.41,239.87 1 1
github.com/jbadeau/gcb/buildfile/convert.go:239.87,241.4 1 1
github.com/jbadeau/gcb/buildfile/convert.go:243.2,243.25 1 1
github.com/jbadeau/gcb/buildfile/convert.go:243.25,245.3 1 1
github.com/jbadeau/gcb/buildfile/convert.go:246.2,246.26 1 1
github.com/jbadeau/gcb/buildfile/convert.go:246.26,248.3 1 1
github.com/jbadeau/gcb/buildfile/convert.go:249.2,249.30 1 1
github.com/jbadeau/gcb/buildfile/convert.go:249.30,250.64 1 1
github.com/jbadeau/gcb/buildfile/convert.go:250.64,252.4 1 1
github.com/jbadeau/gcb/buildfile/convert.go:254.2,254.13 1 1
github.com/jbadeau/gcb/buildfile/convert.go:258.46,260.60 1 1
github.com/jbadeau/gcb/buildfile/convert.go:260.60,262.3 1 1
github.com/jbadeau/gcb/buildfile/convert.go:265.2,272.33 2 1
github.com/jbadeau/gcb/buildfile/convert.go:272.33,273.50 1 1
github.com/jbadeau/gcb/buildfile/convert.go:273.50,275.4 1 1
github.com/jbadeau/gcb/buildfile/convert.go:278.2,278.83 1 1
github.com/jbadeau/gcb/buildfile/convert.go:282.40,284.2 1 0
github.com/jbadeau/gcb/buildfile/glob.go:14.79,16.16 2 1
github.com/jbadeau/gcb/buildfile/glob.go:16.16,18.3 1 0
github.com/jbadeau/gcb/buildfile/glob.go:19.2,20.16 2 1
github.com/jbadeau/gcb/buildfile/glob.go:20.16,22.3 1 0
github.com/jbadeau/gcb/buildfile/glob.go:24.2,25.83 2 1
github.com/jbadeau/gcb/buildfile/glob.go:25.83,26.17 1 1
github.com/jbadeau/gcb/buildfile/glob.go:26.17,28.4 1 0
github.com/jbadeau/gcb/buildfile/glob.go:29.3,29.16 1 1
github.com/jbadeau/gcb/buildfile/glob.go:29.16,31.4 1 1
github.com/jbadeau/gcb/buildfile/glob.go:33.3,34.17 2 1
github.com/jbadeau/gcb/buildfile/glob.go:34.17,36.4 1 0
github.com/jbadeau/gcb/buildfile/glob.go:37.3,40.28 2 1
github.com/jbadeau/gcb/buildfile/glob.go:40.28,42.35 2 1
github.com/jbadeau/gcb/buildfile/glob.go:42.35,43.21 1 1
github.com/jbadeau/gcb/buildfile/glob.go:43.21,45.11 2 1
github.com/jbadeau/gcb/buildfile/glob.go:48.4,48.16 1 1
github.com/jbadeau/gcb/buildfile/glob.go:48.16,50.5 1 1
github.com/jbadeau/gcb/buildfile/glob.go:54.3,54.34 1 1
github.com/jbadeau/gcb/buildfile/glob.go:54.34,55.20 1 1
github.com/jbadeau/gcb/buildfile/glob.go:55.20,57.5 1 1
github.com/jbadeau/gcb/buildfile/glob.go:60.3,61.13 2 1
github.com/jbadeau/gcb/buildfile/glob.go:64.2,64.21 1 1
github.com/jbadeau/gcb/buildfile/glob.go:70.62,72.35 2 1
github.com/jbadeau/gcb/buildfile/glob.go:72.35,74.17 2 1
github.com/jbadeau/gcb/buildfile/glob.go:74.17,76.4 1 0
github.com/jbadeau/gcb/buildfile/glob.go:77.3,80.40 2 1
github.com/jbadeau/gcb/buildfile/glob.go:80.40,83.18 3 1
github.com/jbadeau/gcb/buildfile/glob.go:83.18,85.5 1 0
github.com/jbadeau/gcb/buildfile/glob.go:86.4,86.29 1 1
github.com/jbadeau/gcb/buildfile/glob.go:89.2,89.19 1 1
github.com/jbadeau/gcb/buildfile/glob.go:93.36,95.2 1 1
github.com/jbadeau/gcb/buildfile/parse.go:18.75,20.16 2 1
github.com/jbadeau/gcb/buildfile/parse.go:20.16,22.3 1 0
github.com/jbadeau/gcb/buildfile/parse.go:23.2,23.33 1 1
github.com/jbadeau/gcb/buildfile/parse.go:27.80,31.16 3 1
github.com/jbadeau/gcb/buildfile/parse.go:31.16,33.3 1 1
github.com/jbadeau/gcb/buildfile/parse.go:35.2,36.63 2 1
github.com/jbadeau/gcb/buildfile/parse.go:36.63,38.3 1 1
github.com/jbadeau/gcb/buildfile/parse.go:40.2,40.40 1 1
github.com/jbadeau/gcb/buildfile/parse.go:40.40,42.3 1 1
github.com/jbadeau/gcb/buildfile/parse.go:44.2,44.19 1 1
github.com/jbadeau/gcb/buildfile/parse.go:47.42,48.27 1 1
github.com/jbadeau/gcb/buildfile/parse.go:48.27,50.3 1 1
github.com/jbadeau/gcb/buildfile/parse.go:51.2,51.46 1 1
github.com/jbadeau/gcb/buildfile/parse.go:51.46,53.3 1 1
github.com/jbadeau/gcb/buildfile/parse.go:54.2,54.43 1 1
github.com/jbadeau/gcb/buildfile/parse.go:54.43,56.3 1 1
github.com/jbadeau/gcb/buildfile/parse.go:57.2,57.21 1 1
github.com/jbadeau/gcb/buildfile/parse.go:57.21,59.3 1 1
github.com/jbadeau/gcb/buildfile/parse.go:60.2,60.40 1 1
github.com/jbadeau/gcb/buildfile/parse.go:60.40,62.3 1 1
github.com/jbadeau/gcb/buildfile/parse.go:63.2,63.31 1 1
github.com/jbadeau/gcb/buildfile/parse.go:63.31,65.3 1 1
github.com/jbadeau/gcb/buildfile/parse.go:68.2,68.75 1 1
github.com/jbadeau/gcb/buildfile/parse.go:68.75,70.3 1 1
github.com/jbadeau/gcb/buildfile/parse.go:71.2,71.63 1 1
github.com/jbadeau/gcb/buildfile/parse.go:71.63,73.3 1 1
github.com/jbadeau/gcb/buildfile/parse.go:74.2,74.59 1 1
github.com/jbadeau/gcb/buildfile/parse.go:74.59,76.3 1 1
github.com/jbadeau/gcb/buildfile/parse.go:77.2,77.83 1 1
github.com/jbadeau/gcb/buildfile/parse.go:77.83,79.3 1 1
github.com/jbadeau/gcb/buildfile/parse.go:82.2,82.69 1 1
github.com/jbadeau/gcb/buildfile/parse.go:82.69,84.3 1 1
github.com/jbadeau/gcb/buildfile/parse.go:85.2,85.79 1 1
github.com/jbadeau/gcb/buildfile/parse.go:85.79,87.3 1 1
github.com/jbadeau/gcb/buildfile/parse.go:88.2,88.75 1 1
github.com/jbadeau/gcb/buildfile/parse.go:88.75,90.3 1 1
github.com/jbadeau/gcb/buildfile/parse.go:91.2,91.61 1 1
github.com/jbadeau/gcb/buildfile/parse.go:91.61,93.3 1 1
github.com/jbadeau/gcb/buildfile/parse.go:96.2,96.75 1 1
github.com/jbadeau/gcb/buildfile/parse.go:96.75,98.3 1 1
github.com/jbadeau/gcb/buildfile/parse.go:99.2,99.65 1 1
github.com/jbadeau/gcb/buildfile/parse.go:99.65,101.3 1 1
github.com/jbadeau/gcb/buildfile/parse.go:104.2,104.24 1 1
github.com/jbadeau/gcb/buildfile/parse.go:104.24,105.36 1 1
github.com/jbadeau/gcb/buildfile/parse.go:105.36,106.94 1 1
github.com/jbadeau/gcb/buildfile/parse.go:106.94,108.5 1 1
github.com/jbadeau/gcb/buildfile/parse.go:110.3,110.45 1 1
github.com/jbadeau/gcb/buildfile/parse.go:110.45,111.31 1 1
github.com/jbadeau/gcb/buildfile/parse.go:111.31,113.76 2 1
github.com/jbadeau/gcb/buildfile/parse.go:113.76,115.6 1 0
github.com/jbadeau/gcb/buildfile/parse.go:117.4,117.34 1 1
github.com/jbadeau/gcb/buildfile/parse.go:117.34,118.28 1 1
github.com/jbadeau/gcb/buildfile/parse.go:118.28,120.73 2 0
github.com/jbadeau/gcb/buildfile/parse.go:120.73,122.7 1 0
github.com/jbadeau/gcb/buildfile/parse.go:128.2,128.12 1 1
github.com/jbadeau/gcb/buildfile/parse.go:131.62,132.26 1 1
github.com/jbadeau/gcb/buildfile/parse.go:132.26,133.33 1 1
github.com/jbadeau/gcb/buildfile/parse.go:133.33,135.4 1 1
github.com/jbadeau/gcb/buildfile/parse.go:137.2,137.12 1 1
github.com/jbadeau/gcb/buildfile/parse.go:140.65,141.22 1 1
github.com/jbadeau/gcb/buildfile/parse.go:141.22,142.33 1 1
github.com/jbadeau/gcb/buildfile/parse.go:142.33,144.4 1 0
github.com/jbadeau/gcb/buildfile/parse.go:145.3,145.33 1 1
github.com/jbadeau/gcb/buildfile/parse.go:145.33,147.4 1 1
github.com/jbadeau/gcb/buildfile/parse.go:149.2,149.12 1 1
github.com/jbadeau/gcb/buildfile/parse.go:152.77,153.33 1 1
github.com/jbadeau/gcb/buildfile/parse.go:153.33,154.100 1 1
github.com/jbadeau/gcb/buildfile/parse.go:154.100,156.4 1 1
github.com/jbadeau/gcb/buildfile/parse.go:158.2,158.38 1 1
github.com/jbadeau/gcb/buildfile/parse.go:158.38,159.110 1 1
github.com/jbadeau/gcb/buildfile/parse.go:159.110,161.4 1 1
github.com/jbadeau/gcb/buildfile/parse.go:163.2,163.12 1 1
github.com/jbadeau/gcb/buildfile/parse.go:166.57,167.20 1 1
github.com/jbadeau/gcb/buildfile/parse.go:167.20,169.3 1 0
github.com/jbadeau/gcb/buildfile/parse.go:170.2,171.30 2 1
github.com/jbadeau/gcb/buildfile/parse.go:171.30,173.3 1 1
github.com/jbadeau/gcb/buildfile/parse.go:174.2,174.12 1 1
github.com/jbadeau/gcb/buildfile/parse.go:179.81,180.59 1 1
github.com/jbadeau/gcb/buildfile/parse.go:180.59,182.3 1 1
github.com/jbadeau/gcb/buildfile/parse.go:184.2,186.23 3 1
github.com/jbadeau/gcb/buildfile/parse.go:186.23,189.16 2 1
github.com/jbadeau/gcb/buildfile/parse.go:189.16,191.9 2 1
github.com/jbadeau/gcb/buildfile/parse.go:195.3,198.41 2 1
github.com/jbadeau/gcb/buildfile/parse.go:198.41,208.17 7 0
github.com/jbadeau/gcb/buildfile/parse.go:208.17,210.5 1 0
github.com/jbadeau/gcb/buildfile/parse.go:211.4,213.12 3 0
github.com/jbadeau/gcb/buildfile/parse.go:217.3,219.16 3 1
github.com/jbadeau/gcb/buildfile/parse.go:219.16,221.4 1 1
github.com/jbadeau/gcb/buildfile/parse.go:223.3,225.10 3 1
github.com/jbadeau/gcb/buildfile/parse.go:225.10,227.4 1 1
github.com/jbadeau/gcb/buildfile/parse.go:229.3,230.27 2 1
github.com/jbadeau/gcb/buildfile/parse.go:233.2,233.29 1 1
github.com/jbadeau/gcb/buildfile/parse.go:242.42,244.2 1 1
github.com/jbadeau/gcb/internal/build/pipeline.go:31.64,35.25 2 1
github.com/jbadeau/gcb/internal/build/pipeline.go:35.25,38.17 3 1
github.com/jbadeau/gcb/internal/build/pipeline.go:38.17,40.4 1 0
github.com/jbadeau/gcb/internal/build/pipeline.go:44.2,45.16 2 1
github.com/jbadeau/gcb/internal/build/pipeline.go:45.16,47.3 1 0
github.com/jbadeau/gcb/internal/build/pipeline.go:48.2,50.27 2 1
github.com/jbadeau/gcb/internal/build/pipeline.go:50.27,52.3 1 1
github.com/jbadeau/gcb/internal/build/pipeline.go:53.2,53.33 1 1
github.com/jbadeau/gcb/internal/build/pipeline.go:53.33,55.3 1 0
github.com/jbadeau/gcb/internal/build/pipeline.go:56.2,56.20 1 1
github.com/jbadeau/gcb/internal/build/pipeline.go:56.20,58.3 1 1
github.com/jbadeau/gcb/internal/build/pipeline.go:59.2,59.32 1 1
github.com/jbadeau/gcb/internal/build/pipeline.go:59.32,61.3 1 1
github.com/jbadeau/gcb/internal/build/pipeline.go:64.2,64.30 1 1
github.com/jbadeau/gcb/internal/build/pipeline.go:64.30,66.36 2 1
github.com/jbadeau/gcb/internal/build/pipeline.go:66.36,69.4 2 0
github.com/jbadeau/gcb/internal/build/pipeline.go:70.3,70.37 1 1
github.com/jbadeau/gcb/internal/build/pipeline.go:70.37,72.4 1 1
github.com/jbadeau/gcb/internal/build/pipeline.go:73.3,74.28 2 1
github.com/jbadeau/gcb/internal/build/pipeline.go:74.28,76.4 1 1
github.com/jbadeau/gcb/internal/build/pipeline.go:77.3,77.28 1 1
github.com/jbadeau/gcb/internal/build/pipeline.go:81.2,81.25 1 1
github.com/jbadeau/gcb/internal/build/pipeline.go:81.25,82.31 1 1
github.com/jbadeau/gcb/internal/build/pipeline.go:82.31,84.4 1 1
github.com/jbadeau/gcb/internal/build/pipeline.go:85.3,85.32 1 1
github.com/jbadeau/gcb/internal/build/pipeline.go:85.32,87.4 1 1
github.com/jbadeau/gcb/internal/build/pipeline.go:91.2,91.31 1 1
github.com/jbadeau/gcb/internal/build/pipeline.go:91.31,92.37 1 1
github.com/jbadeau/gcb/internal/build/pipeline.go:92.37,94.4 1 1
github.com/jbadeau/gcb/internal/build/pipeline.go:95.3,95.38 1 1
github.com/jbadeau/gcb/internal/build/pipeline.go:95.38,97.4 1 1
github.com/jbadeau/gcb/internal/build/pipeline.go:101.2,101.26 1 1
github.com/jbadeau/gcb/internal/build/pipeline.go:101.26,102.32 1 1
github.com/jbadeau/gcb/internal/build/pipeline.go:102.32,104.4 1 1
github.com/jbadeau/gcb/internal/build/pipeline.go:105.3,105.33 1 1
github.com/jbadeau/gcb/internal/build/pipeline.go:105.33,107.4 1 1
github.com/jbadeau/gcb/internal/build/pipeline.go:111.2,111.31 1 1
github.com/jbadeau/gcb/internal/build/pipeline.go:111.31,115.3 3 1
github.com/jbadeau/gcb/internal/build/pipeline.go:117.2,118.16 2 1
github.com/jbadeau/gcb/internal/build/pipeline.go:118.16,120.3 1 0
github.com/jbadeau/gcb/internal/build/pipeline.go:123.2,123.25 1 1
github.com/jbadeau/gcb/internal/build/pipeline.go:123.25,125.3 1 1
github.com/jbadeau/gcb/internal/build/pipeline.go:127.2,127.19 1 1
github.com/jbadeau/gcb/internal/build/pipeline.go:130.37,131.24 1 0
github.com/jbadeau/gcb/internal/build/pipeline.go:131.24,132.15 1 0
github.com/jbadeau/gcb/internal/build/pipeline.go:132.15,134.4 1 0
github.com/jbadeau/gcb/internal/build/pipeline.go:136.2,136.27 1 0
github.com/jbadeau/gcb/internal/layer/reproducible.go:30.64,32.16 2 1
github.com/jbadeau/gcb/internal/layer/reproducible.go:32.16,34.3 1 0
github.com/jbadeau/gcb/internal/layer/reproducible.go:35.2,35.54 1 1
github.com/jbadeau/gcb/internal/layer/reproducible.go:38.50,42.41 3 1
github.com/jbadeau/gcb/internal/layer/reproducible.go:42.41,44.3 1 1
github.com/jbadeau/gcb/internal/layer/reproducible.go:46.2,53.31 5 1
github.com/jbadeau/gcb/internal/layer/reproducible.go:53.31,55.89 1 1
github.com/jbadeau/gcb/internal/layer/reproducible.go:55.89,57.4 1 0
github.com/jbadeau/gcb/internal/layer/reproducible.go:59.3,63.17 4 1
github.com/jbadeau/gcb/internal/layer/reproducible.go:63.17,65.4 1 0
github.com/jbadeau/gcb/internal/layer/reproducible.go:67.3,67.17 1 1
github.com/jbadeau/gcb/internal/layer/reproducible.go:67.17,77.46 3 1
github.com/jbadeau/gcb/internal/layer/reproducible.go:77.46,79.5 1 0
github.com/jbadeau/gcb/internal/layer/reproducible.go:80.4,80.32 1 1
github.com/jbadeau/gcb/internal/layer/reproducible.go:81.9,83.18 2 1
github.com/jbadeau/gcb/internal/layer/reproducible.go:83.18,85.5 1 0
github.com/jbadeau/gcb/internal/layer/reproducible.go:87.4,96.46 2 1
github.com/jbadeau/gcb/internal/layer/reproducible.go:96.46,99.5 2 0
github.com/jbadeau/gcb/internal/layer/reproducible.go:100.4,100.44 1 1
github.com/jbadeau/gcb/internal/layer/reproducible.go:100.44,103.5 2 0
github.com/jbadeau/gcb/internal/layer/reproducible.go:104.4,104.13 1 1
github.com/jbadeau/gcb/internal/layer/reproducible.go:108.2,108.35 1 1
github.com/jbadeau/gcb/internal/layer/reproducible.go:108.35,110.3 1 0
github.com/jbadeau/gcb/internal/layer/reproducible.go:111.2,111.35 1 1
github.com/jbadeau/gcb/internal/layer/reproducible.go:111.35,113.3 1 0
github.com/jbadeau/gcb/internal/layer/reproducible.go:115.2,115.25 1 1
github.com/jbadeau/gcb/internal/layer/reproducible.go:118.100,120.30 2 1
github.com/jbadeau/gcb/internal/layer/reproducible.go:120.30,122.3 1 0
github.com/jbadeau/gcb/internal/layer/reproducible.go:125.2,126.54 2 1
github.com/jbadeau/gcb/internal/layer/reproducible.go:126.54,128.23 2 1
github.com/jbadeau/gcb/internal/layer/reproducible.go:128.23,129.9 1 1
github.com/jbadeau/gcb/internal/layer/reproducible.go:131.3,131.31 1 1
github.com/jbadeau/gcb/internal/layer/reproducible.go:135.2,137.38 3 1
github.com/jbadeau/gcb/internal/layer/reproducible.go:137.38,139.17 2 1
github.com/jbadeau/gcb/internal/layer/reproducible.go:139.17,140.12 1 0
github.com/jbadeau/gcb/internal/layer/reproducible.go:142.3,150.45 2 1
github.com/jbadeau/gcb/internal/layer/reproducible.go:150.45,152.4 1 0
github.com/jbadeau/gcb/internal/layer/reproducible.go:153.3,153.20 1 1
github.com/jbadeau/gcb/internal/layer/reproducible.go:155.2,155.12 1 1
github.com/jbadeau/gcb/internal/layer/reproducible.go:158.43,160.2 1 1
github.com/jbadeau/gcb/internal/layer/reproducible.go:162.50,163.21 1 1
github.com/jbadeau/gcb/internal/layer/reproducible.go:163.21,165.3 1 0
github.com/jbadeau/gcb/internal/layer/reproducible.go:166.2,169.21 4 1
github.com/jbadeau/gcb/internal/layer/reproducible.go:169.21,170.30 1 1
github.com/jbadeau/gcb/internal/layer/reproducible.go:170.30,171.28 1 1
github.com/jbadeau/gcb/internal/layer/reproducible.go:171.28,173.5 1 1
github.com/jbadeau/gcb/internal/layer/reproducible.go:176.2,176.21 1 1
github.com/jbadeau/gcb/internal/layer/reproducible.go:176.21,177.30 1 1
github.com/jbadeau/gcb/internal/layer/reproducible.go:177.30,178.28 1 1
github.com/jbadeau/gcb/internal/layer/reproducible.go:178.28,180.5 1 1
github.com/jbadeau/gcb/internal/layer/reproducible.go:183.2,183.17 1 1
github.com/jbadeau/gcb/cmd/gcb/build.go:49.35,59.55 2 1
github.com/jbadeau/gcb/cmd/gcb/build.go:59.55,61.4 1 0
github.com/jbadeau/gcb/cmd/gcb/build.go:64.2,98.12 33 1
github.com/jbadeau/gcb/cmd/gcb/build.go:101.56,106.16 3 0
github.com/jbadeau/gcb/cmd/gcb/build.go:106.16,108.3 1 0
github.com/jbadeau/gcb/cmd/gcb/build.go:111.2,111.18 1 0
github.com/jbadeau/gcb/cmd/gcb/build.go:111.18,112.23 1 0
github.com/jbadeau/gcb/cmd/gcb/build.go:112.23,114.4 1 0
github.com/jbadeau/gcb/cmd/gcb/build.go:115.3,115.27 1 0
github.com/jbadeau/gcb/cmd/gcb/build.go:117.2,117.25 1 0
github.com/jbadeau/gcb/cmd/gcb/build.go:117.25,119.3 1 0
github.com/jbadeau/gcb/cmd/gcb/build.go:120.2,120.26 1 0
github.com/jbadeau/gcb/cmd/gcb/build.go:120.26,122.3 1 0
github.com/jbadeau/gcb/cmd/gcb/build.go:123.2,123.25 1 0
github.com/jbadeau/gcb/cmd/gcb/build.go:123.25,125.3 1 0
github.com/jbadeau/gcb/cmd/gcb/build.go:126.2,126.26 1 0
github.com/jbadeau/gcb/cmd/gcb/build.go:126.26,128.3 1 0
github.com/jbadeau/gcb/cmd/gcb/build.go:129.2,129.21 1 0
github.com/jbadeau/gcb/cmd/gcb/build.go:129.21,131.3 1 0
github.com/jbadeau/gcb/cmd/gcb/build.go:132.2,132.22 1 0
github.com/jbadeau/gcb/cmd/gcb/build.go:132.22,134.3 1 0
github.com/jbadeau/gcb/cmd/gcb/build.go:135.2,135.37 1 0
github.com/jbadeau/gcb/cmd/gcb/build.go:135.37,136.30 1 0
github.com/jbadeau/gcb/cmd/gcb/build.go:136.30,138.4 1 0
github.com/jbadeau/gcb/cmd/gcb/build.go:139.3,139.44 1 0
github.com/jbadeau/gcb/cmd/gcb/build.go:139.44,141.4 1 0
github.com/jbadeau/gcb/cmd/gcb/build.go:143.2,143.23 1 0
github.com/jbadeau/gcb/cmd/gcb/build.go:143.23,144.25 1 0
github.com/jbadeau/gcb/cmd/gcb/build.go:144.25,146.4 1 0
github.com/jbadeau/gcb/cmd/gcb/build.go:147.3,147.30 1 0
github.com/jbadeau/gcb/cmd/gcb/build.go:147.30,149.4 1 0
github.com/jbadeau/gcb/cmd/gcb/build.go:151.2,151.18 1 0
github.com/jbadeau/gcb/cmd/gcb/build.go:151.18,153.3 1 0
github.com/jbadeau/gcb/cmd/gcb/build.go:156.2,161.24 4 0
github.com/jbadeau/gcb/cmd/gcb/build.go:161.24,163.3 1 0
github.com/jbadeau/gcb/cmd/gcb/build.go:164.2,164.24 1 0
github.com/jbadeau/gcb/cmd/gcb/build.go:164.24,166.3 1 0
github.com/jbadeau/gcb/cmd/gcb/build.go:167.2,167.46 1 0
github.com/jbadeau/gcb/cmd/gcb/build.go:167.46,170.3 2 0
github.com/jbadeau/gcb/cmd/gcb/build.go:171.2,172.26 2 0
github.com/jbadeau/gcb/cmd/gcb/build.go:172.26,174.3 1 0
github.com/jbadeau/gcb/cmd/gcb/build.go:175.2,175.26 1 0
github.com/jbadeau/gcb/cmd/gcb/build.go:175.26,177.3 1 0
github.com/jbadeau/gcb/cmd/gcb/build.go:180.2,181.16 2 0
github.com/jbadeau/gcb/cmd/gcb/build.go:181.16,183.3 1 0
github.com/jbadeau/gcb/cmd/gcb/build.go:186.2,187.43 2 0
github.com/jbadeau/gcb/cmd/gcb/build.go:187.43,190.19 3 0
github.com/jbadeau/gcb/cmd/gcb/build.go:190.19,192.4 1 0
github.com/jbadeau/gcb/cmd/gcb/build.go:193.3,193.39 1 0
github.com/jbadeau/gcb/cmd/gcb/build.go:194.8,196.40 2 0
github.com/jbadeau/gcb/cmd/gcb/build.go:196.40,198.4 1 0
github.com/jbadeau/gcb/cmd/gcb/build.go:199.3,199.32 1 0
github.com/jbadeau/gcb/cmd/gcb/build.go:199.32,201.4 1 0
github.com/jbadeau/gcb/cmd/gcb/build.go:202.3,202.32 1 0
github.com/jbadeau/gcb/cmd/gcb/build.go:202.32,204.4 1 0
github.com/jbadeau/gcb/cmd/gcb/build.go:207.3,209.21 3 0
github.com/jbadeau/gcb/cmd/gcb/build.go:209.21,211.4 1 0
github.com/jbadeau/gcb/cmd/gcb/build.go:212.3,212.21 1 0
github.com/jbadeau/gcb/cmd/gcb/build.go:212.21,214.4 1 0
github.com/jbadeau/gcb/cmd/gcb/build.go:215.3,215.39 1 0
github.com/jbadeau/gcb/cmd/gcb/build.go:215.39,217.4 1 0
github.com/jbadeau/gcb/cmd/gcb/build.go:219.3,220.23 2 0
github.com/jbadeau/gcb/cmd/gcb/build.go:220.23,222.4 1 0
github.com/jbadeau/gcb/cmd/gcb/build.go:223.3,223.23 1 0
github.com/jbadeau/gcb/cmd/gcb/build.go:223.23,225.4 1 0
github.com/jbadeau/gcb/cmd/gcb/build.go:227.3,227.45 1 0
github.com/jbadeau/gcb/cmd/gcb/build.go:231.2,232.16 2 0
github.com/jbadeau/gcb/cmd/gcb/build.go:232.16,234.3 1 0
github.com/jbadeau/gcb/cmd/gcb/build.go:237.2,242.30 4 0
github.com/jbadeau/gcb/cmd/gcb/build.go:242.30,250.17 3 0
github.com/jbadeau/gcb/cmd/gcb/build.go:250.17,252.4 1 0
github.com/jbadeau/gcb/cmd/gcb/build.go:253.3,253.70 1 0
github.com/jbadeau/gcb/cmd/gcb/build.go:253.70,255.4 1 0
github.com/jbadeau/gcb/cmd/gcb/build.go:258.2,258.12 1 0
github.com/jbadeau/gcb/cmd/gcb/main.go:11.13,20.102 3 0
github.com/jbadeau/gcb/cmd/gcb/main.go:20.102,22.3 1 0
github.com/jbadeau/gcb/builder.go:40.86,43.2 2 1
github.com/jbadeau/gcb/builder.go:46.76,49.2 2 1
github.com/jbadeau/gcb/builder.go:52.82,55.2 2 1
github.com/jbadeau/gcb/builder.go:58.84,61.2 2 1
github.com/jbadeau/gcb/builder.go:64.74,65.21 1 1
github.com/jbadeau/gcb/builder.go:65.21,67.3 1 1
github.com/jbadeau/gcb/builder.go:68.2,69.10 2 1
github.com/jbadeau/gcb/builder.go:73.82,76.2 2 1
github.com/jbadeau/gcb/builder.go:79.77,82.2 2 1
github.com/jbadeau/gcb/builder.go:85.72,88.2 2 1
github.com/jbadeau/gcb/builder.go:91.76,94.2 2 1
github.com/jbadeau/gcb/builder.go:97.71,100.2 2 1
github.com/jbadeau/gcb/builder.go:103.67,106.2 2 1
github.com/jbadeau/gcb/builder.go:109.78,112.2 2 1
github.com/jbadeau/gcb/builder.go:115.76,118.2 2 1
github.com/jbadeau/gcb/builder.go:121.76,124.2 2 1
github.com/jbadeau/gcb/builder.go:127.83,130.2 2 1
github.com/jbadeau/gcb/builder.go:133.54,135.2 1 0
github.com/jbadeau/gcb/builder.go:138.105,139.18 1 0
github.com/jbadeau/gcb/builder.go:139.18,141.3 1 0
github.com/jbadeau/gcb/builder.go:143.2,144.16 2 0
github.com/jbadeau/gcb/builder.go:144.16,146.3 1 0
github.com/jbadeau/gcb/builder.go:149.2,150.31 2 0
github.com/jbadeau/gcb/builder.go:150.31,153.33 2 0
github.com/jbadeau/gcb/builder.go:153.33,161.4 1 0
github.com/jbadeau/gcb/builder.go:162.3,163.17 2 0
github.com/jbadeau/gcb/builder.go:163.17,165.4 1 0
github.com/jbadeau/gcb/builder.go:166.3,166.33 1 0
github.com/jbadeau/gcb/builder.go:170.2,171.35 2 0
github.com/jbadeau/gcb/builder.go:171.35,173.3 1 0
github.com/jbadeau/gcb/builder.go:176.2,177.18 2 0
github.com/jbadeau/gcb/builder.go:178.17,179.39 1 0
github.com/jbadeau/gcb/builder.go:180.10,181.42 1 0
github.com/jbadeau/gcb/builder.go:184.2,200.16 3 0
github.com/jbadeau/gcb/builder.go:200.16,202.3 1 0
github.com/jbadeau/gcb/builder.go:204.2,204.33 1 0
github.com/jbadeau/gcb/containerizer.go:34.73,39.27 2 1
github.com/jbadeau/gcb/containerizer.go:39.27,41.3 1 1
github.com/jbadeau/gcb/containerizer.go:42.2,42.10 1 1
github.com/jbadeau/gcb/containerizer.go:46.69,51.27 2 1
github.com/jbadeau/gcb/containerizer.go:51.27,53.3 1 1
github.com/jbadeau/gcb/containerizer.go:54.2,54.10 1 1
github.com/jbadeau/gcb/containerizer.go:58.56,59.32 1 1
github.com/jbadeau/gcb/containerizer.go:59.32,61.3 1 1
github.com/jbadeau/gcb/containerizer.go:65.62,66.32 1 1
github.com/jbadeau/gcb/containerizer.go:66.32,68.3 1 1
github.com/jbadeau/gcb/containerizer.go:72.69,73.32 1 1
github.com/jbadeau/gcb/containerizer.go:73.32,76.3 2 1
github.com/jbadeau/gcb/containerizer.go:80.66,81.32 1 1
github.com/jbadeau/gcb/containerizer.go:81.32,83.3 1 1
github.com/jbadeau/gcb/containerizer.go:87.66,88.32 1 1
github.com/jbadeau/gcb/containerizer.go:88.32,90.3 1 1
github.com/jbadeau/gcb/containerizer.go:94.61,95.32 1 1
github.com/jbadeau/gcb/containerizer.go:95.32,97.3 1 1
github.com/jbadeau/gcb/containerizer.go:100.88,101.22 1 0
github.com/jbadeau/gcb/containerizer.go:102.18,103.37 1 0
github.com/jbadeau/gcb/containerizer.go:104.13,105.27 1 0
github.com/jbadeau/gcb/containerizer.go:106.10,107.66 1 0
github.com/jbadeau/gcb/containerizer.go:111.53,112.31 1 1
github.com/jbadeau/gcb/containerizer.go:112.31,114.3 1 1
github.com/jbadeau/gcb/containerizer.go:115.2,115.12 1 1
github.com/jbadeau/gcb/containerizer.go:118.96,122.16 3 0
github.com/jbadeau/gcb/containerizer.go:122.16,124.3 1 0
github.com/jbadeau/gcb/containerizer.go:126.2,129.42 2 0
github.com/jbadeau/gcb/containerizer.go:129.42,134.3 1 0
github.com/jbadeau/gcb/containerizer.go:134.8,134.37 1 0
github.com/jbadeau/gcb/containerizer.go:134.37,139.3 2 0
github.com/jbadeau/gcb/containerizer.go:139.8,141.3 1 0
github.com/jbadeau/gcb/containerizer.go:143.2,146.58 2 0
github.com/jbadeau/gcb/containerizer.go:146.58,148.3 1 0
github.com/jbadeau/gcb/containerizer.go:151.2,151.39 1 0
github.com/jbadeau/gcb/containerizer.go:151.39,153.17 2 0
github.com/jbadeau/gcb/containerizer.go:153.17,155.4 1 0
github.com/jbadeau/gcb/containerizer.go:156.3,156.62 1 0
github.com/jbadeau/gcb/containerizer.go:156.62,158.4 1 0
github.com/jbadeau/gcb/containerizer.go:161.2,162.16 2 0
github.com/jbadeau/gcb/containerizer.go:162.16,164.3 1 0
github.com/jbadeau/gcb/containerizer.go:165.2,166.16 2 0
github.com/jbadeau/gcb/containerizer.go:166.16,168.3 1 0
github.com/jbadeau/gcb/containerizer.go:170.2,178.8 3 0
github.com/jbadeau/gcb/containerizer.go:181.70,184.26 3 0
github.com/jbadeau/gcb/containerizer.go:184.26,186.17 2 0
github.com/jbadeau/gcb/containerizer.go:186.17,188.4 1 0
github.com/jbadeau/gcb/containerizer.go:191.2,192.16 2 0
github.com/jbadeau/gcb/containerizer.go:192.16,193.34 1 0
github.com/jbadeau/gcb/containerizer.go:193.34,195.4 1 0
github.com/jbadeau/gcb/containerizer.go:195.9,197.18 2 0
github.com/jbadeau/gcb/containerizer.go:197.18,199.5 1 0
github.com/jbadeau/gcb/containerizer.go:201.3,201.68 1 0
github.com/jbadeau/gcb/containerizer.go:201.68,203.4 1 0
github.com/jbadeau/gcb/containerizer.go:204.8,206.68 2 0
github.com/jbadeau/gcb/containerizer.go:206.68,208.4 1 0
github.com/jbadeau/gcb/containerizer.go:211.2,212.16 2 0
github.com/jbadeau/gcb/containerizer.go:212.16,214.3 1 0
github.com/jbadeau/gcb/containerizer.go:215.2,216.16 2 0
github.com/jbadeau/gcb/containerizer.go:216.16,218.3 1 0
github.com/jbadeau/gcb/containerizer.go:220.2,224.8 1 0
github.com/jbadeau/gcb/credential.go:35.74,37.2 1 1
github.com/jbadeau/gcb/credential.go:40.77,48.34 6 1
github.com/jbadeau/gcb/credential.go:48.34,50.3 1 1
github.com/jbadeau/gcb/credential.go:52.2,53.62 2 0
github.com/jbadeau/gcb/credential.go:53.62,55.3 1 0
github.com/jbadeau/gcb/credential.go:57.2,57.40 1 0
github.com/jbadeau/gcb/credential.go:61.64,64.58 1 1
github.com/jbadeau/gcb/credential.go:64.58,66.4 1 1
github.com/jbadeau/gcb/credential.go:68.2,68.39 1 1
github.com/jbadeau/gcb/errors.go:11.37,12.20 1 0
github.com/jbadeau/gcb/errors.go:12.20,14.3 1 0
github.com/jbadeau/gcb/errors.go:15.2,15.18 1 0
github.com/jbadeau/gcb/errors.go:18.37,20.2 1 0
github.com/jbadeau/gcb/errors.go:28.48,29.20 1 0
github.com/jbadeau/gcb/errors.go:29.20,31.3 1 0
github.com/jbadeau/gcb/errors.go:32.2,32.57 1 0
github.com/jbadeau/gcb/errors.go:35.48,37.2 1 0
github.com/jbadeau/gcb/format.go:14.38,15.11 1 0
github.com/jbadeau/gcb/format.go:16.17,17.15 1 0
github.com/jbadeau/gcb/format.go:18.10,19.18 1 0
github.com/jbadeau/gcb/format.go:24.45,25.11 1 0
github.com/jbadeau/gcb/format.go:26.13,27.19 1 0
github.com/jbadeau/gcb/format.go:28.10,29.22 1 0
github.com/jbadeau/gcb/gcb.go:8.73,12.2 1 1
github.com/jbadeau/gcb/gcb.go:15.54,19.2 1 0
github.com/jbadeau/gcb/gcb.go:22.38,26.2 1 1
github.com/jbadeau/gcb/image_source.go:24.73,25.33 1 1
github.com/jbadeau/gcb/image_source.go:25.33,31.3 2 1
github.com/jbadeau/gcb/image_source.go:35.66,36.33 1 1
github.com/jbadeau/gcb/image_source.go:36.33,42.3 3 1
github.com/jbadeau/gcb/image_source.go:46.45,47.33 1 1
github.com/jbadeau/gcb/image_source.go:47.33,49.3 1 1
github.com/jbadeau/gcb/image_source.go:60.72,62.27 2 1
github.com/jbadeau/gcb/image_source.go:62.27,64.3 1 1
github.com/jbadeau/gcb/image_source.go:65.2,65.10 1 1
github.com/jbadeau/gcb/image_source.go:68.73,70.16 2 0
github.com/jbadeau/gcb/image_source.go:70.16,72.3 1 0
github.com/jbadeau/gcb/image_source.go:74.2,75.15 2 0
github.com/jbadeau/gcb/image_source.go:75.15,77.3 1 0
github.com/jbadeau/gcb/image_source.go:77.8,79.3 1 0
github.com/jbadeau/gcb/image_source.go:81.2,81.35 1 0
github.com/jbadeau/gcb/image_source.go:89.41,91.2 1 1
github.com/jbadeau/gcb/image_source.go:93.66,95.2 1 0
github.com/jbadeau/gcb/image_source.go:99.70,101.2 1 0
github.com/jbadeau/gcb/layer.go:41.60,43.2 1 1
github.com/jbadeau/gcb/layer.go:46.81,49.2 2 1
github.com/jbadeau/gcb/layer.go:52.87,54.2 1 1
github.com/jbadeau/gcb/layer.go:57.120,66.2 2 1
github.com/jbadeau/gcb/layer.go:69.102,71.2 1 1
github.com/jbadeau/gcb/layer.go:74.148,75.18 1 1
github.com/jbadeau/gcb/layer.go:75.18,77.3 1 0
github.com/jbadeau/gcb/layer.go:79.2,79.84 1 1
github.com/jbadeau/gcb/layer.go:79.84,80.17 1 1
github.com/jbadeau/gcb/layer.go:80.17,82.4 1 0
github.com/jbadeau/gcb/layer.go:84.3,85.17 2 1
github.com/jbadeau/gcb/layer.go:85.17,87.4 1 0
github.com/jbadeau/gcb/layer.go:89.3,94.16 4 1
github.com/jbadeau/gcb/layer.go:94.16,96.4 1 1
github.com/jbadeau/gcb/layer.go:98.3,105.13 2 1
github.com/jbadeau/gcb/layer.go:107.2,107.16 1 1
github.com/jbadeau/gcb/layer.go:107.16,109.3 1 0
github.com/jbadeau/gcb/layer.go:110.2,110.10 1 1
github.com/jbadeau/gcb/layer.go:114.69,115.18 1 1
github.com/jbadeau/gcb/layer.go:115.18,117.3 1 0
github.com/jbadeau/gcb/layer.go:120.2,120.30 1 1
github.com/jbadeau/gcb/layer.go:120.30,121.30 1 1
github.com/jbadeau/gcb/layer.go:121.30,123.4 1 1
github.com/jbadeau/gcb/layer.go:124.3,124.41 1 1
github.com/jbadeau/gcb/layer.go:124.41,126.4 1 1
github.com/jbadeau/gcb/layer.go:127.3,127.25 1 1
github.com/jbadeau/gcb/layer.go:127.25,128.51 1 1
github.com/jbadeau/gcb/layer.go:128.51,130.5 1 1
github.com/jbadeau/gcb/layer.go:135.2,137.41 3 1
github.com/jbadeau/gcb/layer.go:137.41,139.3 1 1
github.com/jbadeau/gcb/layer.go:141.2,144.8 1 1
github.com/jbadeau/gcb/port.go:16.31,18.17 2 0
github.com/jbadeau/gcb/port.go:18.17,20.3 1 0
github.com/jbadeau/gcb/port.go:21.2,21.46 1 0
github.com/jbadeau/gcb/port.go:25.40,28.16 3 0
github.com/jbadeau/gcb/port.go:28.16,30.3 1 0
github.com/jbadeau/gcb/port.go:31.2,31.24 1 0
github.com/jbadeau/gcb/port.go:31.24,33.3 1 0
github.com/jbadeau/gcb/port.go:34.2,35.21 2 0
github.com/jbadeau/gcb/port.go:35.21,37.39 2 0
github.com/jbadeau/gcb/port.go:37.39,39.4 1 0
github.com/jbadeau/gcb/port.go:41.2,41.46 1 0
